0 info it worked if it ends with ok
1 verbose cli [ 'C:\\Program Files\\nodejs\\node.exe',
1 verbose cli   'C:\\Program Files\\nodejs\\node_modules\\npm\\bin\\npm-cli.js',
1 verbose cli   'start' ]
2 info using npm@3.8.3
3 info using node@v5.10.0
4 verbose run-script [ 'prestart', 'start', 'poststart' ]
5 info lifecycle PatientCare@0.1.0~prestart: PatientCare@0.1.0
6 verbose lifecycle PatientCare@0.1.0~prestart: unsafe-perm in lifecycle true
7 verbose lifecycle PatientCare@0.1.0~prestart: PATH: C:\Program Files\nodejs\node_modules\npm\bin\node-gyp-bin;D:\LSS_Unit\LSS-ARCH\Emerging Technology\G-Series\Code\pcare-master\pcare-master\node_modules\.bin;C:\Program Files\nodejs;C:\ProgramData\Oracle\Java\javapath;C:\windows\system32;C:\windows;C:\windows\System32\Wbem;C:\windows\System32\WindowsPowerShell\v1.0\;C:\Program Files\nodejs\;C:\Program Files\IBM\Bluemix\bin;C:\Program Files (x86)\CloudFoundry;C:\Program Files\Git\cmd;C:\Program Files\CloudFoundry;C:\Program Files\Microsoft SQL Server\130\Tools\Binn\;C:\Program Files (x86)\MySQL\MySQL Utilities 1.3.5\;C:\Program Files\dotnet\;C:\Program Files\nodejs;C:\Program Files\Amazon\AWSCLI\;D:\Software\SpringTool\gradle-3.2.1\bin;C:\HashiCorp\Vagrant\bin;C:\Program Files\Oracle\VirtualBox;C:\Program Files\Sublime Text 3;C:\Program Files\Microsoft SQL Server\Client SDK\ODBC\110\Tools\Binn\;C:\Program Files (x86)\Microsoft SQL Server\120\Tools\Binn\;C:\Program Files\Microsoft SQL Server\120\Tools\Binn\;C:\Program Files\Microsoft SQL Server\120\DTS\Binn\;C:\Program Files (x86)\Microsoft SQL Server\120\Tools\Binn\ManagementStudio\;C:\Program Files (x86)\Microsoft SQL Server\120\DTS\Binn\;C:\Program Files\MongoDB\Server\3.2\bin;C:\Users\saravanakrishnan_p.ITLINFOSYS\.dnx\bin;C:\Users\saravanakrishnan_p.ITLINFOSYS\AppData\Roaming\npm;C:\Program Files (x86)\Microsoft VS Code\bin;C:\Program Files\Docker Toolbox;C:\Program Files\nodejs
8 verbose lifecycle PatientCare@0.1.0~prestart: CWD: D:\LSS_Unit\LSS-ARCH\Emerging Technology\G-Series\Code\pcare-master\pcare-master
9 silly lifecycle PatientCare@0.1.0~prestart: Args: [ '/d /s /c', 'npm-run-all --parallel start-message' ]
10 silly lifecycle PatientCare@0.1.0~prestart: Returned: code: 0  signal: null
11 info lifecycle PatientCare@0.1.0~start: PatientCare@0.1.0
12 verbose lifecycle PatientCare@0.1.0~start: unsafe-perm in lifecycle true
13 verbose lifecycle PatientCare@0.1.0~start: PATH: C:\Program Files\nodejs\node_modules\npm\bin\node-gyp-bin;D:\LSS_Unit\LSS-ARCH\Emerging Technology\G-Series\Code\pcare-master\pcare-master\node_modules\.bin;C:\Program Files\nodejs;C:\ProgramData\Oracle\Java\javapath;C:\windows\system32;C:\windows;C:\windows\System32\Wbem;C:\windows\System32\WindowsPowerShell\v1.0\;C:\Program Files\nodejs\;C:\Program Files\IBM\Bluemix\bin;C:\Program Files (x86)\CloudFoundry;C:\Program Files\Git\cmd;C:\Program Files\CloudFoundry;C:\Program Files\Microsoft SQL Server\130\Tools\Binn\;C:\Program Files (x86)\MySQL\MySQL Utilities 1.3.5\;C:\Program Files\dotnet\;C:\Program Files\nodejs;C:\Program Files\Amazon\AWSCLI\;D:\Software\SpringTool\gradle-3.2.1\bin;C:\HashiCorp\Vagrant\bin;C:\Program Files\Oracle\VirtualBox;C:\Program Files\Sublime Text 3;C:\Program Files\Microsoft SQL Server\Client SDK\ODBC\110\Tools\Binn\;C:\Program Files (x86)\Microsoft SQL Server\120\Tools\Binn\;C:\Program Files\Microsoft SQL Server\120\Tools\Binn\;C:\Program Files\Microsoft SQL Server\120\DTS\Binn\;C:\Program Files (x86)\Microsoft SQL Server\120\Tools\Binn\ManagementStudio\;C:\Program Files (x86)\Microsoft SQL Server\120\DTS\Binn\;C:\Program Files\MongoDB\Server\3.2\bin;C:\Users\saravanakrishnan_p.ITLINFOSYS\.dnx\bin;C:\Users\saravanakrishnan_p.ITLINFOSYS\AppData\Roaming\npm;C:\Program Files (x86)\Microsoft VS Code\bin;C:\Program Files\Docker Toolbox;C:\Program Files\nodejs
14 verbose lifecycle PatientCare@0.1.0~start: CWD: D:\LSS_Unit\LSS-ARCH\Emerging Technology\G-Series\Code\pcare-master\pcare-master
15 silly lifecycle PatientCare@0.1.0~start: Args: [ '/d /s /c',
15 silly lifecycle   'npm-run-all --parallel open:mw open:src  lint:watch ' ]
16 silly lifecycle PatientCare@0.1.0~start: Returned: code: 1  signal: null
17 info lifecycle PatientCare@0.1.0~start: Failed to exec start script
18 verbose stack Error: PatientCare@0.1.0 start: `npm-run-all --parallel open:mw open:src  lint:watch `
18 verbose stack Exit status 1
18 verbose stack     at EventEmitter.<anonymous> (C:\Program Files\nodejs\node_modules\npm\lib\utils\lifecycle.js:239:16)
18 verbose stack     at emitTwo (events.js:100:13)
18 verbose stack     at EventEmitter.emit (events.js:185:7)
18 verbose stack     at ChildProcess.<anonymous> (C:\Program Files\nodejs\node_modules\npm\lib\utils\spawn.js:24:14)
18 verbose stack     at emitTwo (events.js:100:13)
18 verbose stack     at ChildProcess.emit (events.js:185:7)
18 verbose stack     at maybeClose (internal/child_process.js:850:16)
18 verbose stack     at Process.ChildProcess._handle.onexit (internal/child_process.js:215:5)
19 verbose pkgid PatientCare@0.1.0
20 verbose cwd D:\LSS_Unit\LSS-ARCH\Emerging Technology\G-Series\Code\pcare-master\pcare-master
21 error Windows_NT 6.3.9600
22 error argv "C:\\Program Files\\nodejs\\node.exe" "C:\\Program Files\\nodejs\\node_modules\\npm\\bin\\npm-cli.js" "start"
23 error node v5.10.0
24 error npm  v3.8.3
25 error code ELIFECYCLE
26 error PatientCare@0.1.0 start: `npm-run-all --parallel open:mw open:src  lint:watch `
26 error Exit status 1
27 error Failed at the PatientCare@0.1.0 start script 'npm-run-all --parallel open:mw open:src  lint:watch '.
27 error Make sure you have the latest version of node.js and npm installed.
27 error If you do, this is most likely a problem with the PatientCare package,
27 error not with npm itself.
27 error Tell the author that this fails on your system:
27 error     npm-run-all --parallel open:mw open:src  lint:watch
27 error You can get information on how to open an issue for this project with:
27 error     npm bugs PatientCare
27 error Or if that isn't available, you can get their info via:
27 error     npm owner ls PatientCare
27 error There is likely additional logging output above.
28 verbose exit [ 1, true ]
